<?xml version="1.0" encoding="UTF-8"?>
<robot generator="Robot 3.1.1 (Python 3.7.2 on win32)" generated="20190315 09:52:17.486" rpa="false">
<suite id="s1" name="TestSuite1" source="D:\eclipse-workspace\RobotProject1\Test\TestSuite1.robot">
<kw name="Log" library="BuiltIn" type="setup">
<doc>Logs the given message with the given level.</doc>
<arguments>
<arg>I am inside Test Suite Setup</arg>
</arguments>
<msg timestamp="20190315 09:52:17.845" level="INFO">I am inside Test Suite Setup</msg>
<status status="PASS" starttime="20190315 09:52:17.844" endtime="20190315 09:52:17.845"></status>
</kw>
<test id="s1-t1" name="MyFirstTest">
<kw name="Log" library="BuiltIn" type="setup">
<doc>Logs the given message with the given level.</doc>
<arguments>
<arg>I am inside Test Setup</arg>
</arguments>
<msg timestamp="20190315 09:52:17.847" level="INFO">I am inside Test Setup</msg>
<status status="PASS" starttime="20190315 09:52:17.847" endtime="20190315 09:52:17.847"></status>
</kw>
<kw name="Log" library="BuiltIn">
<doc>Logs the given message with the given level.</doc>
<arguments>
<arg>Hello World ...</arg>
</arguments>
<msg timestamp="20190315 09:52:17.848" level="INFO">Hello World ...</msg>
<status status="PASS" starttime="20190315 09:52:17.847" endtime="20190315 09:52:17.848"></status>
</kw>
<kw name="Log" library="BuiltIn" type="teardown">
<doc>Logs the given message with the given level.</doc>
<arguments>
<arg>I am inside Test Teardown</arg>
</arguments>
<msg timestamp="20190315 09:52:17.848" level="INFO">I am inside Test Teardown</msg>
<status status="PASS" starttime="20190315 09:52:17.848" endtime="20190315 09:52:17.848"></status>
</kw>
<tags>
<tag>smoke</tag>
</tags>
<status status="PASS" starttime="20190315 09:52:17.846" endtime="20190315 09:52:17.848" critical="yes"></status>
</test>
<test id="s1-t2" name="MySecondTest">
<kw name="Log" library="BuiltIn" type="setup">
<doc>Logs the given message with the given level.</doc>
<arguments>
<arg>I am inside Test Setup</arg>
</arguments>
<msg timestamp="20190315 09:52:17.850" level="INFO">I am inside Test Setup</msg>
<status status="PASS" starttime="20190315 09:52:17.850" endtime="20190315 09:52:17.850"></status>
</kw>
<kw name="Log" library="BuiltIn">
<doc>Logs the given message with the given level.</doc>
<arguments>
<arg>I am inside 2nd test</arg>
</arguments>
<msg timestamp="20190315 09:52:17.851" level="INFO">I am inside 2nd test</msg>
<status status="PASS" starttime="20190315 09:52:17.851" endtime="20190315 09:52:17.851"></status>
</kw>
<kw name="Set Tags" library="BuiltIn">
<doc>Adds given ``tags`` for the current test or all tests in a suite.</doc>
<arguments>
<arg>regression1</arg>
</arguments>
<msg timestamp="20190315 09:52:17.851" level="INFO">Set tag 'regression1'.</msg>
<status status="PASS" starttime="20190315 09:52:17.851" endtime="20190315 09:52:17.851"></status>
</kw>
<kw name="Log" library="BuiltIn" type="teardown">
<doc>Logs the given message with the given level.</doc>
<arguments>
<arg>I am inside Test Teardown</arg>
</arguments>
<msg timestamp="20190315 09:52:17.852" level="INFO">I am inside Test Teardown</msg>
<status status="PASS" starttime="20190315 09:52:17.852" endtime="20190315 09:52:17.852"></status>
</kw>
<tags>
<tag>regression1</tag>
<tag>sanity</tag>
</tags>
<status status="PASS" starttime="20190315 09:52:17.850" endtime="20190315 09:52:17.852" critical="yes"></status>
</test>
<test id="s1-t3" name="MyThirdTest">
<kw name="Log" library="BuiltIn" type="setup">
<doc>Logs the given message with the given level.</doc>
<arguments>
<arg>I am inside Test Setup</arg>
</arguments>
<msg timestamp="20190315 09:52:17.856" level="INFO">I am inside Test Setup</msg>
<status status="PASS" starttime="20190315 09:52:17.856" endtime="20190315 09:52:17.856"></status>
</kw>
<kw name="Log" library="BuiltIn">
<doc>Logs the given message with the given level.</doc>
<arguments>
<arg>I am inside 3nd test</arg>
</arguments>
<msg timestamp="20190315 09:52:17.857" level="INFO">I am inside 3nd test</msg>
<status status="PASS" starttime="20190315 09:52:17.856" endtime="20190315 09:52:17.857"></status>
</kw>
<kw name="Log" library="BuiltIn" type="teardown">
<doc>Logs the given message with the given level.</doc>
<arguments>
<arg>I am inside Test Teardown</arg>
</arguments>
<msg timestamp="20190315 09:52:17.857" level="INFO">I am inside Test Teardown</msg>
<status status="PASS" starttime="20190315 09:52:17.857" endtime="20190315 09:52:17.857"></status>
</kw>
<tags>
<tag>smoke</tag>
</tags>
<status status="PASS" starttime="20190315 09:52:17.855" endtime="20190315 09:52:17.858" critical="yes"></status>
</test>
<kw name="Log" library="BuiltIn" type="teardown">
<doc>Logs the given message with the given level.</doc>
<arguments>
<arg>I am inside Test Suite Teardown</arg>
</arguments>
<msg timestamp="20190315 09:52:17.859" level="INFO">I am inside Test Suite Teardown</msg>
<status status="PASS" starttime="20190315 09:52:17.859" endtime="20190315 09:52:17.859"></status>
</kw>
<status status="PASS" starttime="20190315 09:52:17.488" endtime="20190315 09:52:17.859"></status>
</suite>
<statistics>
<total>
<stat pass="3" fail="0">Critical Tests</stat>
<stat pass="3" fail="0">All Tests</stat>
</total>
<tag>
<stat pass="1" fail="0">regression1</stat>
<stat pass="1" fail="0">sanity</stat>
<stat pass="2" fail="0">smoke</stat>
</tag>
<suite>
<stat pass="3" fail="0" id="s1" name="TestSuite1">TestSuite1</stat>
</suite>
</statistics>
<errors>
</errors>
</robot>
